<?xml version="1.0" encoding="UTF-8"?>
<testsuite name="nexon.securityservice.commons.crypto.PBKDF2Test" tests="8" skipped="0" failures="0" errors="0" timestamp="2022-01-23T04:50:04" hostname="jeonmin-uui-MacBookPro.local" time="2.902">
  <properties/>
  <testcase name="test_match_mismatchEncodeStringType_returnFalse()" classname="nexon.securityservice.commons.crypto.PBKDF2Test" time="0.457"/>
  <testcase name="test_match_success()" classname="nexon.securityservice.commons.crypto.PBKDF2Test" time="0.32"/>
  <testcase name="test_encode_success()" classname="nexon.securityservice.commons.crypto.PBKDF2Test" time="0.154"/>
  <testcase name="test_match_mismatchSecret_returnFalse()" classname="nexon.securityservice.commons.crypto.PBKDF2Test" time="0.303"/>
  <testcase name="test_match_mismatchRawString_returnFalse()" classname="nexon.securityservice.commons.crypto.PBKDF2Test" time="0.319"/>
  <testcase name="test_match_mismatchIterations_returnFalse()" classname="nexon.securityservice.commons.crypto.PBKDF2Test" time="0.156"/>
  <testcase name="test_match_mismatchSaltLength_returnFalse()" classname="nexon.securityservice.commons.crypto.PBKDF2Test" time="0.314"/>
  <testcase name="test_match_mismatchHashAlgorithm_returnFalse()" classname="nexon.securityservice.commons.crypto.PBKDF2Test" time="0.872"/>
  <system-out><![CDATA[]]></system-out>
  <system-err><![CDATA[]]></system-err>
</testsuite>
